<?xml version="1.0" encoding="UTF-8"?>
<!-- Generated by org.testng.reporters.JUnitXMLReporter -->
<testsuite ignored="7" hostname="Mohammad-Aqel" failures="0" tests="1" name="Default test" time="5.638" errors="0" timestamp="2024-01-30T00:05:25 EET">
  <testcase classname="Almosafer_Project.MyTestCases" name="@BeforeTest MyBeforeTest" time="5.543">
    <failure type="org.openqa.selenium.NoSuchElementException" message="Unable to find element with locator By.xpath: /html/body/div[3]/div/div[1]/div/div/div/button[1]
For documentation on this error, please visit: https://www.selenium.dev/documentation/webdriver/troubleshooting/errors#no-such-element-exception
Build info: version: &amp;apos;4.16.1&amp;apos;, revision: &amp;apos;9b4c83354e&amp;apos;
System info: os.name: &amp;apos;Windows 10&amp;apos;, os.arch: &amp;apos;amd64&amp;apos;, os.version: &amp;apos;10.0&amp;apos;, java.version: &amp;apos;17.0.9&amp;apos;
Driver info: driver.version: RemoteWebDriver">
      <![CDATA[org.openqa.selenium.NoSuchElementException: Unable to find element with locator By.xpath: /html/body/div[3]/div/div[1]/div/div/div/button[1]
For documentation on this error, please visit: https://www.selenium.dev/documentation/webdriver/troubleshooting/errors#no-such-element-exception
Build info: version: '4.16.1', revision: '9b4c83354e'
System info: os.name: 'Windows 10', os.arch: 'amd64', os.version: '10.0', java.version: '17.0.9'
Driver info: driver.version: RemoteWebDriver
at org.openqa.selenium.remote.ElementLocation$ElementFinder$2.findElement(ElementLocation.java:168)
at org.openqa.selenium.remote.ElementLocation.findElement(ElementLocation.java:59)
at org.openqa.selenium.remote.RemoteWebDriver.findElement(RemoteWebDriver.java:360)
at org.openqa.selenium.remote.RemoteWebDriver.findElement(RemoteWebDriver.java:354)
at Almosafer_Project.MyTestCases.MyBeforeTest(MyTestCases.java:23)
at java.base/jdk.internal.reflect.NativeMethodAccessorImpl.invoke0(Native Method)
at java.base/jdk.internal.reflect.NativeMethodAccessorImpl.invoke(NativeMethodAccessorImpl.java:77)
at java.base/jdk.internal.reflect.DelegatingMethodAccessorImpl.invoke(DelegatingMethodAccessorImpl.java:43)
at java.base/java.lang.reflect.Method.invoke(Method.java:568)
at org.testng.internal.MethodInvocationHelper.invokeMethod(MethodInvocationHelper.java:133)
at org.testng.internal.MethodInvocationHelper.invokeMethodConsideringTimeout(MethodInvocationHelper.java:62)
at org.testng.internal.ConfigInvoker.invokeConfigurationMethod(ConfigInvoker.java:385)
at org.testng.internal.ConfigInvoker.invokeConfigurations(ConfigInvoker.java:321)
at org.testng.TestRunner.invokeTestConfigurations(TestRunner.java:637)
at org.testng.TestRunner.beforeRun(TestRunner.java:627)
at org.testng.TestRunner.run(TestRunner.java:589)
at org.testng.SuiteRunner.runTest(SuiteRunner.java:377)
at org.testng.SuiteRunner.runSequentially(SuiteRunner.java:371)
at org.testng.SuiteRunner.privateRun(SuiteRunner.java:332)
at org.testng.SuiteRunner.run(SuiteRunner.java:276)
at org.testng.SuiteRunnerWorker.runSuite(SuiteRunnerWorker.java:53)
at org.testng.SuiteRunnerWorker.run(SuiteRunnerWorker.java:96)
at org.testng.TestNG.runSuitesSequentially(TestNG.java:1212)
at org.testng.TestNG.runSuitesLocally(TestNG.java:1134)
at org.testng.TestNG.runSuites(TestNG.java:1063)
at org.testng.TestNG.run(TestNG.java:1031)
at org.testng.remote.AbstractRemoteTestNG.run(AbstractRemoteTestNG.java:115)
at org.testng.remote.RemoteTestNG.initAndRun(RemoteTestNG.java:251)
at org.testng.remote.RemoteTestNG.main(RemoteTestNG.java:77)
]]>
    </failure>
  </testcase> <!-- @BeforeTest MyBeforeTest -->
  <testcase classname="Almosafer_Project.MyTestCases" name="@AfterTest MyAfterTest" time="-1.706562325353E9">
    <skipped/>
  </testcase> <!-- @AfterTest MyAfterTest -->
  <testcase classname="Almosafer_Project.MyTestCases" name="HotelTabSwitch" time="0.0">
    <skipped/>
  </testcase> <!-- HotelTabSwitch -->
  <testcase classname="Almosafer_Project.MyTestCases" name="CheckTheNumberofPhone" time="0.0">
    <ignored/>
  </testcase> <!-- CheckTheNumberofPhone -->
  <testcase classname="Almosafer_Project.MyTestCases" name="CheckTheLanguage" time="0.0">
    <ignored/>
  </testcase> <!-- CheckTheLanguage -->
  <testcase classname="Almosafer_Project.MyTestCases" name="CheckHotelTapIsNotSelected" time="0.0">
    <ignored/>
  </testcase> <!-- CheckHotelTapIsNotSelected -->
  <testcase classname="Almosafer_Project.MyTestCases" name="ChangeTheLangugeOfTheWebsite" time="0.0">
    <ignored/>
  </testcase> <!-- ChangeTheLangugeOfTheWebsite -->
  <testcase classname="Almosafer_Project.MyTestCases" name="CheckTheDateOfTheWebsite" time="0.0">
    <ignored/>
  </testcase> <!-- CheckTheDateOfTheWebsite -->
  <testcase classname="Almosafer_Project.MyTestCases" name="CheckTheCaruncy" time="0.0">
    <ignored/>
  </testcase> <!-- CheckTheCaruncy -->
  <testcase classname="Almosafer_Project.MyTestCases" name="CheckQitafLogo" time="0.0">
    <ignored/>
  </testcase> <!-- CheckQitafLogo -->
</testsuite> <!-- Default test -->
